#
# There is insufficient memory for the Java Runtime Environment to continue.
# Native memory allocation (mmap) failed to map 134217728 bytes for G1 virtual space
# Possible reasons:
#   The system is out of physical RAM or swap space
#   The process is running with CompressedOops enabled, and the Java Heap may be blocking the growth of the native heap
# Possible solutions:
#   Reduce memory load on the system
#   Increase physical memory or swap space
#   Check if swap backing store is full
#   Decrease Java heap size (-Xmx/-Xms)
#   Decrease number of Java threads
#   Decrease Java thread stack sizes (-Xss)
#   Set larger code cache with -XX:ReservedCodeCacheSize=
#   JVM is running with Unscaled Compressed Oops mode in which the Java heap is
#     placed in the first 4GB address space. The Java Heap base address is the
#     maximum limit for the native heap growth. Please use -XX:HeapBaseMinAddress
#     to set the Java Heap base and to place the Java Heap above 4GB virtual address.
# This output file may be truncated or incomplete.
#
#  Out of Memory Error (os_windows.cpp:3466), pid=18444, tid=22020
#
# JRE version:  (16.0.2+7) (build )
# Java VM: Java HotSpot(TM) 64-Bit Server VM (16.0.2+7-67, mixed mode, sharing, tiered, compressed oops, compressed class ptrs, g1 gc, windows-amd64)
# No core dump will be written. Minidumps are not enabled by default on client versions of Windows
#

---------------  S U M M A R Y ------------

Command Line: -Dfile.encoding=UTF-8 --module-path=D:\Users\usuario\Documents\Github\Java_serial-terminal\build\classes -Djava.net.preferIPv4Stack=true Terminal

Host: Intel(R) Core(TM) i7-3770 CPU @ 3.40GHz, 8 cores, 7G,  Windows 10 , 64 bit Build 18362 (10.0.18362.1645)
Time: Tue Aug 24 15:19:07 2021 Pacific Summer Time (Mexico) elapsed time: 0.031196 seconds (0d 0h 0m 0s)

---------------  T H R E A D  ---------------

Current thread (0x0000027e51325700):  JavaThread "Unknown thread" [_thread_in_vm, id=22020, stack(0x000000a8d8100000,0x000000a8d8200000)]

Stack: [0x000000a8d8100000,0x000000a8d8200000]
Native frames: (J=compiled Java code, j=interpreted, Vv=VM code, C=native code)
V  [jvm.dll+0x6681ca]
V  [jvm.dll+0x7c9e69]
V  [jvm.dll+0x7cb61e]
V  [jvm.dll+0x7cbc73]
V  [jvm.dll+0x242c55]
V  [jvm.dll+0x664f89]
V  [jvm.dll+0x659b75]
V  [jvm.dll+0x2fbfbb]
V  [jvm.dll+0x3031b6]
V  [jvm.dll+0x35299e]
V  [jvm.dll+0x352bcf]
V  [jvm.dll+0x2d3028]
V  [jvm.dll+0x2d4264]
V  [jvm.dll+0x79c741]
V  [jvm.dll+0x360791]
V  [jvm.dll+0x77a3f0]
V  [jvm.dll+0x3e4e8f]
V  [jvm.dll+0x3e6961]
C  [jli.dll+0x52fb]
C  [ucrtbase.dll+0x210b2]
C  [KERNEL32.DLL+0x17c24]
C  [ntdll.dll+0x6d721]


---------------  P R O C E S S  ---------------

Threads class SMR info:
_java_thread_list=0x00007ffee4a1cbb8, length=0, elements={
}

Java Threads: ( => current thread )

Other Threads:
  0x0000027e5136ad70 GCTaskThread "GC Thread#0" [stack: 0x000000a8d8200000,0x000000a8d8300000] [id=15564]
  0x0000027e5137c3a0 ConcurrentGCThread "G1 Main Marker" [stack: 0x000000a8d8300000,0x000000a8d8400000] [id=6492]
  0x0000027e5137ce10 ConcurrentGCThread "G1 Conc#0" [stack: 0x000000a8d8400000,0x000000a8d8500000] [id=16076]

[error occurred during error reporting (printing all threads), id 0xc0000005, EXCEPTION_ACCESS_VIOLATION (0xc0000005) at pc=0x00007ffee41f3ee7]

VM state: not at safepoint (not fully initialized)

VM Mutex/Monitor currently owned by a thread:  ([mutex/lock_event])
[0x0000027e5131f120] Heap_lock - owner thread: 0x0000027e51325700

Heap address: 0x0000000081a00000, size: 2022 MB, Compressed Oops mode: 32-bit

CDS archive(s) mapped at: [0x0000000000000000-0x0000000000000000-0x0000000000000000), size 0, SharedBaseAddress: 0x0000000800000000, ArchiveRelocationMode: 0.
Narrow klass base: 0x0000000000000000, Narrow klass shift: 0, Narrow klass range: 0x0

GC Precious Log:
<Empty>

Heap:
 garbage-first heap   total 0K, used 0K [0x0000000081a00000, 0x0000000100000000)
  region size 1024K, 0 young (0K), 0 survivors (0K)

[error occurred during error reporting (printing heap information), id 0xc0000005, EXCEPTION_ACCESS_VIOLATION (0xc0000005) at pc=0x00007ffee45d1eed]

GC Heap History (0 events):
No events

Deoptimization events (0 events):
No events

Classes unloaded (0 events):
No events

Classes redefined (0 events):
No events

Internal exceptions (0 events):
No events

Events (1 events):
Event: 0.021 Loaded shared library C:\Program Files\Java\jdk-16.0.2\bin\java.dll


Dynamic libraries:
0x00007ff6acd80000 - 0x00007ff6acd90000 	C:\Program Files\Java\jdk-16.0.2\bin\java.exe
0x00007fff64ba0000 - 0x00007fff64d90000 	C:\WINDOWS\SYSTEM32\ntdll.dll
0x00007fff635d0000 - 0x00007fff63682000 	C:\WINDOWS\System32\KERNEL32.DLL
0x00007fff62650000 - 0x00007fff628f6000 	C:\WINDOWS\System32\KERNELBASE.dll
0x00007fff61dd0000 - 0x00007fff61eca000 	C:\WINDOWS\System32\ucrtbase.dll
0x00007fff56120000 - 0x00007fff56139000 	C:\Program Files\Java\jdk-16.0.2\bin\VCRUNTIME140.dll
0x00007fff569a0000 - 0x00007fff569b8000 	C:\Program Files\Java\jdk-16.0.2\bin\jli.dll
0x00007fff64600000 - 0x00007fff646a3000 	C:\WINDOWS\System32\ADVAPI32.dll
0x00007fff64ac0000 - 0x00007fff64b5e000 	C:\WINDOWS\System32\msvcrt.dll
0x00007fff63760000 - 0x00007fff637f7000 	C:\WINDOWS\System32\sechost.dll
0x00007fff62f50000 - 0x00007fff6306f000 	C:\WINDOWS\System32\RPCRT4.dll
0x00007fff62c50000 - 0x00007fff62de4000 	C:\WINDOWS\System32\USER32.dll
0x00007fff61b10000 - 0x00007fff61b31000 	C:\WINDOWS\System32\win32u.dll
0x00007fff64a20000 - 0x00007fff64a46000 	C:\WINDOWS\System32\GDI32.dll
0x00007fff62a60000 - 0x00007fff62bf8000 	C:\WINDOWS\System32\gdi32full.dll
0x00007fff62990000 - 0x00007fff62a2e000 	C:\WINDOWS\System32\msvcp_win.dll
0x00007fff435d0000 - 0x00007fff43854000 	C:\WINDOWS\WinSxS\amd64_microsoft.windows.common-controls_6595b64144ccf1df_6.0.18362.1679_none_9e7ff347e45cc1b7\COMCTL32.dll
0x00007fff63070000 - 0x00007fff633a6000 	C:\WINDOWS\System32\combase.dll
0x00007fff62900000 - 0x00007fff62984000 	C:\WINDOWS\System32\bcryptPrimitives.dll
0x00007fff5adb0000 - 0x00007fff5adba000 	C:\WINDOWS\SYSTEM32\VERSION.dll
0x00007fff63ee0000 - 0x00007fff63f0e000 	C:\WINDOWS\System32\IMM32.DLL
0x00007fff464c0000 - 0x00007fff4655e000 	C:\WINDOWS\INCOPS3\esdcnl64.dll
0x00007fff60a50000 - 0x00007fff60a81000 	C:\WINDOWS\SYSTEM32\ntmarta.dll
0x00007fff3b840000 - 0x00007fff3b91a000 	C:\WINDOWS\INCOPS3\ESATM64.dll
0x00007fff63f10000 - 0x00007fff645f7000 	C:\WINDOWS\System32\SHELL32.dll
0x0000027e4ffc0000 - 0x0000027e5000a000 	C:\WINDOWS\System32\cfgmgr32.dll
0x00007fff64740000 - 0x00007fff647e9000 	C:\WINDOWS\System32\shcore.dll
0x00007fff61ed0000 - 0x00007fff6264b000 	C:\WINDOWS\System32\windows.storage.dll
0x00007fff61af0000 - 0x00007fff61b0e000 	C:\WINDOWS\System32\profapi.dll
0x00007fff61aa0000 - 0x00007fff61aea000 	C:\WINDOWS\System32\powrprof.dll
0x00007fff61a50000 - 0x00007fff61a60000 	C:\WINDOWS\System32\UMPDC.dll
0x00007fff63e80000 - 0x00007fff63ed2000 	C:\WINDOWS\System32\shlwapi.dll
0x00007fff61a80000 - 0x00007fff61a91000 	C:\WINDOWS\System32\kernel.appcore.dll
0x00007fff61d50000 - 0x00007fff61d67000 	C:\WINDOWS\System32\cryptsp.dll
0x00007fff648a0000 - 0x00007fff649f7000 	C:\WINDOWS\System32\ole32.dll
0x0000027e500e0000 - 0x0000027e5014f000 	C:\WINDOWS\System32\WS2_32.dll
0x00007fff52ed0000 - 0x00007fff52ed9000 	C:\WINDOWS\SYSTEM32\WSOCK32.dll
0x00007fff3a180000 - 0x00007fff3a261000 	C:\WINDOWS\INCOPS3\ESSCNL64.dll
0x00007fff3dc40000 - 0x00007fff3df3b000 	C:\WINDOWS\pcdrm\NSCCOR0364.DLL
0x00007fff64a00000 - 0x00007fff64a08000 	C:\WINDOWS\System32\psapi.dll
0x00007fff3f0d0000 - 0x00007fff3f0fe000 	C:\WINDOWS\pcdrm\NBID64.dll
0x0000027e50810000 - 0x0000027e508d5000 	C:\WINDOWS\System32\OLEAUT32.dll
0x00007fff3dc00000 - 0x00007fff3dc39000 	C:\WINDOWS\pcdrm\NFD0164.dll
0x00007fff17640000 - 0x00007fff1792b000 	C:\WINDOWS\pcdrm\NSCFA64.DLL
0x00007fff464a0000 - 0x00007fff464b2000 	C:\WINDOWS\pcdrm\NSCPE64.dll
0x0000000064150000 - 0x0000000064222000 	C:\WINDOWS\SYSTEM32\MSVCR100.dll
0x0000000064230000 - 0x00000000642c8000 	C:\WINDOWS\SYSTEM32\MSVCP100.dll
0x00007fff46e10000 - 0x00007fff46e21000 	C:\WINDOWS\pcdrm\NFD0264.dll
0x0000027e511a0000 - 0x0000027e511c6000 	C:\WINDOWS\System32\bcrypt.dll
0x00007fff5e390000 - 0x00007fff5e47f000 	C:\WINDOWS\SYSTEM32\PROPSYS.dll
0x0000000180000000 - 0x0000000180059000 	c:\program files (x86)\izex\nethelper client v7.0 x64\InstInfoHook64.dll
0x00007fff56f00000 - 0x00007fff56f0c000 	C:\Program Files\Java\jdk-16.0.2\bin\vcruntime140_1.dll
0x00007fff06cb0000 - 0x00007fff06d41000 	C:\Program Files\Java\jdk-16.0.2\bin\msvcp140.dll
0x00007ffee3f10000 - 0x00007ffee4abb000 	C:\Program Files\Java\jdk-16.0.2\bin\server\jvm.dll
0x00007fff5f9d0000 - 0x00007fff5f9f4000 	C:\WINDOWS\SYSTEM32\WINMM.dll
0x00007fff5f510000 - 0x00007fff5f53d000 	C:\WINDOWS\SYSTEM32\WINMMBASE.dll
0x00007fff56cc0000 - 0x00007fff56cca000 	C:\Program Files\Java\jdk-16.0.2\bin\jimage.dll
0x00007fff47190000 - 0x00007fff47384000 	C:\WINDOWS\SYSTEM32\DBGHELP.DLL
0x00007fff47040000 - 0x00007fff4706a000 	C:\WINDOWS\SYSTEM32\dbgcore.DLL
0x00007fff54e60000 - 0x00007fff54e85000 	C:\Program Files\Java\jdk-16.0.2\bin\java.dll

dbghelp: loaded successfully - version: 4.0.5 - missing functions: none
symbol engine: initialized successfully - sym options: 0x614 - pdb path: .;C:\Program Files\Java\jdk-16.0.2\bin;C:\WINDOWS\SYSTEM32;C:\WINDOWS\WinSxS\amd64_microsoft.windows.common-controls_6595b64144ccf1df_6.0.18362.1679_none_9e7ff347e45cc1b7;C:\WINDOWS\INCOPS3;C:\WINDOWS\pcdrm;c:\program files (x86)\izex\nethelper client v7.0 x64;C:\Program Files\Java\jdk-16.0.2\bin\server

VM Arguments:
jvm_args: -Dfile.encoding=UTF-8 --module-path=D:\Users\usuario\Documents\Github\Java_serial-terminal\build\classes -Djava.net.preferIPv4Stack=true 
java_command: Terminal
java_class_path (initial): D:\Users\usuario\Documents\Github\Java_serial-terminal\flatlaf-1.5.jar;D:\Users\usuario\Documents\Github\Java_serial-terminal\jSerialComm-2.7.0.jar;D:\Users\usuario\Documents\Github\Java_serial-terminal\build\classes
Launcher Type: SUN_STANDARD

[Global flags]
     intx CICompilerCount                          = 4                                         {product} {ergonomic}
     uint ConcGCThreads                            = 2                                         {product} {ergonomic}
     uint G1ConcRefinementThreads                  = 8                                         {product} {ergonomic}
   size_t G1HeapRegionSize                         = 1048576                                   {product} {ergonomic}
    uintx GCDrainStackTargetSize                   = 64                                        {product} {ergonomic}
   size_t InitialHeapSize                          = 134217728                                 {product} {ergonomic}
   size_t MarkStackSize                            = 4194304                                   {product} {ergonomic}
   size_t MaxHeapSize                              = 2120220672                                {product} {ergonomic}
   size_t MinHeapDeltaBytes                        = 1048576                                   {product} {ergonomic}
   size_t MinHeapSize                              = 8388608                                   {product} {ergonomic}
    uintx NonNMethodCodeHeapSize                   = 5839372                                {pd product} {ergonomic}
    uintx NonProfiledCodeHeapSize                  = 122909434                              {pd product} {ergonomic}
    uintx ProfiledCodeHeapSize                     = 122909434                              {pd product} {ergonomic}
    uintx ReservedCodeCacheSize                    = 251658240                              {pd product} {ergonomic}
     bool SegmentedCodeCache                       = true                                      {product} {ergonomic}
   size_t SoftMaxHeapSize                          = 2120220672                             {manageable} {ergonomic}
     bool UseCompressedClassPointers               = true                           {product lp64_product} {ergonomic}
     bool UseCompressedOops                        = true                           {product lp64_product} {ergonomic}
     bool UseG1GC                                  = true                                      {product} {ergonomic}
     bool UseLargePagesIndividualAllocation        = false                                  {pd product} {ergonomic}

Logging:
Log output configuration:
 #0: stdout all=warning uptime,level,tags
 #1: stderr all=off uptime,level,tags

Environment Variables:
_JAVA_OPTIONS=-Djava.net.preferIPv4Stack=true
PATH=C:\Program Files\Common Files\Oracle\Java\javapath;C:\Program Files\AdoptOpenJDK\jdk-11.0.11.9-hotspot\bin;C:\Program Files\National Instruments\Shared\OpenVINO\;C:\WINDOWS\system32;C:\WINDOWS;C:\WINDOWS\System32\Wbem;C:\WINDOWS\System32\WindowsPowerShell\v1.0\;C:\WINDOWS\System32\OpenSSH\;C:\Program Files (x86)\IVI Foundation\VISA\WinNT\Bin\;C:\Program Files\IVI Foundation\VISA\Win64\Bin\;C:\Program Files (x86)\IVI Foundation\VISA\WinNT\Bin;C:\Program Files (x86)\Common Files\ADLINK\DAQPilot\;C:\Program Files\Common Files\ADLINK\DAQPilot;C:\Program Files\Common Files\ADLINK\DAQPilot\Microsoft.VC80.MFC;C:\Program Files\Common Files\ADLINK\DAQPilot\Microsoft.VC80.CRT;C:\Program Files (x86)\Common Files\ADLINK\DAQPilot\Microsoft.VC80.CRT;C:\Program Files (x86)\Common Files\ADLINK\DAQPilot\Microsoft.VC80.MFC;C:\Program Files (x86)\Microsoft SQL Server\80\Tools\Binn\;C:\Program Files (x86)\Microsoft SQL Server\100\Tools\Binn\;C:\Program Files (x86)\Microsoft SQL Server\100\DTS\Binn\;C:\Program Files (x86)\National Instruments\Shared\LabVIEW CLI;C:\Program Files\Microsoft SQL Server\120\Tools\Binn\;C:\Program Files\Microsoft SQL Server\Client SDK\ODBC\110\Tools\Binn\;C:\Program Files (x86)\Microsoft SQL Server\120\Tools\Binn\;C:\Program Files\Microsoft SQL Server\120\DTS\Binn\;C:\Users\usuario\Anaconda3;C:\Users\usuario\Anaconda3;C:\Users\usuario\Anaconda3\Scripts;C:\Users\usuario\Anaconda3\Library\bin;C:\Program Files (x86)\IVI Foundation\IVI\bin;C:\Program Files\IVI Foundation\IVI\bin;C:\Program Files (x86)\Microsoft SQL Server\150\DTS\Binn\;C:\Program Files\dotnet\;C:\Program Files\Git\cmd;C:\Users\usuario\AppData\Local\Microsoft\WindowsApps;C:\Users\usuario\AppData\Local\MaxTo\;C:\Users\usuario\.dotnet\tools;C:\Program Files (x86)\Reference Assemblies\Microsoft\Framework\.NETFramework\v3.5\Profile\Client;C:\Users\usuario\AppData\Local\Programs\Microsoft VS Code\bin;%USERPROFILE%\AppData\Local\Microsoft\WindowsApps;
USERNAME=usuario
OS=Windows_NT
PROCESSOR_IDENTIFIER=Intel64 Family 6 Model 58 Stepping 9, GenuineIntel



---------------  S Y S T E M  ---------------

OS:
 Windows 10 , 64 bit Build 18362 (10.0.18362.1645)
OS uptime: 0 days 7:45 hours

CPU: total 8 (initial active 8) (4 cores per cpu, 2 threads per core) family 6 model 58 stepping 9 microcode 0x20, cx8, cmov, fxsr, ht, mmx, sse, sse2, sse3, ssse3, sse4.1, sse4.2, popcnt, tsc, tscinvbit, avx, aes, erms, clmul, vzeroupper, clflush

Memory: 4k page, system-wide physical 8086M (1480M free)
TotalPageFile size 11086M (AvailPageFile size 22M)
current process WorkingSet (physical memory assigned to process): 27M, peak: 27M
current process commit charge ("private bytes"): 72M, peak: 200M

vm_info: Java HotSpot(TM) 64-Bit Server VM (16.0.2+7-67) for windows-amd64 JRE (16.0.2+7-67), built on Jun  8 2021 23:24:19 by "mach5one" with MS VC++ 16.7 (VS2019)

END.
